agomin_firebase/build/app/intermediates/manifest_merge_blame_file/debug/manifest-merger-blame-debug-report.txt
1<?xml version="1.0" encoding="utf-8"?>
2<manifest xmlns:android="http://schemas.android.com/apk/res/android"
3    package="com.example.agomin_firebase"
4    android:versionCode="1"
5    android:versionName="1.0.0" >
6
7    <uses-sdk
8        android:minSdkVersion="16"
9        android:targetSdkVersion="28" />
10    <!--
11         Flutter needs it to communicate with the running application
12         to allow setting breakpoints, to provide hot reload, etc.
13    -->
14    <uses-permission android:name="android.permission.INTERNET" />
14-->src\debug\AndroidManifest.xml:6:5-66
14-->src\debug\AndroidManifest.xml:6:22-64
15    <uses-permission android:name="android.permission.ACCESS_NETWORK_STATE" />
15-->[:firebase_analytics] AndroidManifest.xml:7:5-79
15-->[:firebase_analytics] AndroidManifest.xml:7:22-76
16    <uses-permission android:name="android.permission.WAKE_LOCK" />
16-->[:firebase_analytics] AndroidManifest.xml:9:5-68
16-->[:firebase_analytics] AndroidManifest.xml:9:22-65
17
18    <uses-feature
18-->[com.google.android.gms:play-services-maps:17.0.0] AndroidManifest.xml:26:5-28:35
19        android:glEsVersion="0x00020000"
19-->[com.google.android.gms:play-services-maps:17.0.0] AndroidManifest.xml:27:9-41
20        android:required="true" />
20-->[com.google.android.gms:play-services-maps:17.0.0] AndroidManifest.xml:28:9-32
21
22    <uses-permission android:name="com.google.android.finsky.permission.BIND_GET_INSTALL_REFERRER_SERVICE" />
22-->[com.google.android.gms:play-services-measurement:17.5.0] AndroidManifest.xml:26:5-110
22-->[com.google.android.gms:play-services-measurement:17.5.0] AndroidManifest.xml:26:22-107
23    <!--
24 io.flutter.app.FlutterApplication is an android.app.Application that
25         calls FlutterMain.startInitialization(this); in its onCreate method.
26         In most cases you can leave this as-is, but you if you want to provide
27         additional functionality it is fine to subclass or reimplement
28         FlutterApplication and put your custom class here.
29    -->
30    <application
30-->src\main\AndroidManifest.xml:8:5-46:19
31        android:name="io.flutter.app.FlutterApplication"
31-->src\main\AndroidManifest.xml:9:9-57
32        android:appComponentFactory="androidx.core.app.CoreComponentFactory"
32-->[androidx.core:core:1.1.0] AndroidManifest.xml:24:18-86
33        android:debuggable="true"
34        android:icon="@mipmap/ic_launcher"
34-->src\main\AndroidManifest.xml:11:9-43
35        android:label="agomin_firebase" >
35-->src\main\AndroidManifest.xml:10:9-40
36        <activity
36-->src\main\AndroidManifest.xml:12:9-40:20
37            android:name="com.example.agomin_firebase.MainActivity"
37-->src\main\AndroidManifest.xml:13:13-41
38            android:configChanges="orientation|keyboardHidden|keyboard|screenSize|smallestScreenSize|locale|layoutDirection|fontScale|screenLayout|density|uiMode"
38-->src\main\AndroidManifest.xml:16:13-163
39            android:hardwareAccelerated="true"
39-->src\main\AndroidManifest.xml:17:13-47
40            android:launchMode="singleTop"
40-->src\main\AndroidManifest.xml:14:13-43
41            android:theme="@style/LaunchTheme"
41-->src\main\AndroidManifest.xml:15:13-47
42            android:windowSoftInputMode="adjustResize" >
42-->src\main\AndroidManifest.xml:18:13-55
43
44            <!--
45                 Specifies an Android theme to apply to this Activity as soon as
46                 the Android process has started. This theme is visible to the user
47                 while the Flutter UI initializes. After that, this theme continues
48                 to determine the Window background behind the Flutter UI.
49            -->
50            <meta-data
50-->src\main\AndroidManifest.xml:23:13-26:17
51                android:name="io.flutter.embedding.android.NormalTheme"
51-->src\main\AndroidManifest.xml:24:15-70
52                android:resource="@style/NormalTheme" />
52-->src\main\AndroidManifest.xml:25:15-52
53            <!--
54                 Displays an Android View that continues showing the launch screen
55                 Drawable until Flutter paints its first frame, then this splash
56                 screen fades out. A splash screen is useful to avoid any visual
57                 gap between the end of Android's launch screen and the painting of
58                 Flutter's first frame.
59            -->
60            <meta-data
60-->src\main\AndroidManifest.xml:32:13-35:17
61                android:name="io.flutter.embedding.android.SplashScreenDrawable"
61-->src\main\AndroidManifest.xml:33:15-79
62                android:resource="@drawable/launch_background" />
62-->src\main\AndroidManifest.xml:34:15-61
63
64            <intent-filter>
64-->src\main\AndroidManifest.xml:36:13-39:29
65                <action android:name="android.intent.action.MAIN" />
65-->src\main\AndroidManifest.xml:37:17-68
65-->src\main\AndroidManifest.xml:37:25-66
66
67                <category android:name="android.intent.category.LAUNCHER" />
67-->src\main\AndroidManifest.xml:38:17-76
67-->src\main\AndroidManifest.xml:38:27-74
68            </intent-filter>
69        </activity>
70        <!--
71             Don't delete the meta-data below.
72             This is used by the Flutter tool to generate GeneratedPluginRegistrant.java
73        -->
74        <meta-data
74-->src\main\AndroidManifest.xml:43:9-45:33
75            android:name="flutterEmbedding"
75-->src\main\AndroidManifest.xml:44:13-44
76            android:value="2" />
76-->src\main\AndroidManifest.xml:45:13-30
77
78        <service
78-->[:firebase_auth] AndroidManifest.xml:8:9-12:19
79            android:name="com.google.firebase.components.ComponentDiscoveryService"
79-->[:firebase_auth] AndroidManifest.xml:8:18-89
80            android:directBootAware="true"
80-->[com.google.firebase:firebase-common:19.3.0] AndroidManifest.xml:34:13-43
81            android:exported="false" >
81-->[com.google.android.gms:play-services-measurement-api:17.5.0] AndroidManifest.xml:29:13-37
82            <meta-data
82-->[:firebase_auth] AndroidManifest.xml:9:13-11:85
83                android:name="com.google.firebase.components:io.flutter.plugins.firebaseauth.FlutterFirebaseAppRegistrar"
83-->[:firebase_auth] AndroidManifest.xml:10:17-122
84                android:value="com.google.firebase.components.ComponentRegistrar" />
84-->[:firebase_auth] AndroidManifest.xml:11:17-82
85            <meta-data
85-->[:cloud_firestore] AndroidManifest.xml:9:13-11:85
86                android:name="com.google.firebase.components:io.flutter.plugins.firebase.cloudfirestore.FlutterFirebaseAppRegistrar"
86-->[:cloud_firestore] AndroidManifest.xml:10:17-133
87                android:value="com.google.firebase.components.ComponentRegistrar" />
87-->[:cloud_firestore] AndroidManifest.xml:11:17-82
88            <meta-data
88-->[:firebase_core] AndroidManifest.xml:9:13-11:85
89                android:name="com.google.firebase.components:io.flutter.plugins.firebase.core.FlutterFirebaseAppRegistrar"
89-->[:firebase_core] AndroidManifest.xml:10:17-123
90                android:value="com.google.firebase.components.ComponentRegistrar" />
90-->[:firebase_core] AndroidManifest.xml:11:17-82
91            <meta-data
91-->[com.google.android.gms:play-services-measurement-api:17.5.0] AndroidManifest.xml:30:13-32:85
92                android:name="com.google.firebase.components:com.google.firebase.analytics.connector.internal.AnalyticsConnectorRegistrar"
92-->[com.google.android.gms:play-services-measurement-api:17.5.0] AndroidManifest.xml:31:17-139
93                android:value="com.google.firebase.components.ComponentRegistrar" />
93-->[com.google.android.gms:play-services-measurement-api:17.5.0] AndroidManifest.xml:32:17-82
94            <meta-data
94-->[com.google.firebase:firebase-auth:17.0.0] AndroidManifest.xml:36:13-38:85
95                android:name="com.google.firebase.components:com.google.firebase.auth.FirebaseAuthRegistrar"
95-->[com.google.firebase:firebase-auth:17.0.0] AndroidManifest.xml:37:17-109
96                android:value="com.google.firebase.components.ComponentRegistrar" />
96-->[com.google.firebase:firebase-auth:17.0.0] AndroidManifest.xml:38:17-82
97            <meta-data
97-->[com.google.firebase:firebase-firestore:21.3.0] AndroidManifest.xml:20:13-22:85
98                android:name="com.google.firebase.components:com.google.firebase.firestore.FirestoreRegistrar"
98-->[com.google.firebase:firebase-firestore:21.3.0] AndroidManifest.xml:21:17-111
99                android:value="com.google.firebase.components.ComponentRegistrar" />
99-->[com.google.firebase:firebase-firestore:21.3.0] AndroidManifest.xml:22:17-82
100            <meta-data
100-->[com.google.firebase:firebase-installations:16.3.2] AndroidManifest.xml:17:13-19:85
101                android:name="com.google.firebase.components:com.google.firebase.installations.FirebaseInstallationsRegistrar"
101-->[com.google.firebase:firebase-installations:16.3.2] AndroidManifest.xml:18:17-127
102                android:value="com.google.firebase.components.ComponentRegistrar" />
102-->[com.google.firebase:firebase-installations:16.3.2] AndroidManifest.xml:19:17-82
103        </service> <!-- Needs to be explicitly declared on P+ -->
104        <uses-library
104-->[com.google.android.gms:play-services-maps:17.0.0] AndroidManifest.xml:33:9-35:40
105            android:name="org.apache.http.legacy"
105-->[com.google.android.gms:play-services-maps:17.0.0] AndroidManifest.xml:34:13-50
106            android:required="false" />
106-->[com.google.android.gms:play-services-maps:17.0.0] AndroidManifest.xml:35:13-37
107
108        <receiver
108-->[com.google.android.gms:play-services-measurement:17.5.0] AndroidManifest.xml:29:9-33:20
109            android:name="com.google.android.gms.measurement.AppMeasurementReceiver"
109-->[com.google.android.gms:play-services-measurement:17.5.0] AndroidManifest.xml:30:13-85
110            android:enabled="true"
110-->[com.google.android.gms:play-services-measurement:17.5.0] AndroidManifest.xml:31:13-35
111            android:exported="false" >
111-->[com.google.android.gms:play-services-measurement:17.5.0] AndroidManifest.xml:32:13-37
112        </receiver>
113
114        <service
114-->[com.google.android.gms:play-services-measurement:17.5.0] AndroidManifest.xml:35:9-38:40
115            android:name="com.google.android.gms.measurement.AppMeasurementService"
115-->[com.google.android.gms:play-services-measurement:17.5.0] AndroidManifest.xml:36:13-84
116            android:enabled="true"
116-->[com.google.android.gms:play-services-measurement:17.5.0] AndroidManifest.xml:37:13-35
117            android:exported="false" />
117-->[com.google.android.gms:play-services-measurement:17.5.0] AndroidManifest.xml:38:13-37
118        <service
118-->[com.google.android.gms:play-services-measurement:17.5.0] AndroidManifest.xml:39:9-43:72
119            android:name="com.google.android.gms.measurement.AppMeasurementJobService"
119-->[com.google.android.gms:play-services-measurement:17.5.0] AndroidManifest.xml:40:13-87
120            android:enabled="true"
120-->[com.google.android.gms:play-services-measurement:17.5.0] AndroidManifest.xml:41:13-35
121            android:exported="false"
121-->[com.google.android.gms:play-services-measurement:17.5.0] AndroidManifest.xml:42:13-37
122            android:permission="android.permission.BIND_JOB_SERVICE" />
122-->[com.google.android.gms:play-services-measurement:17.5.0] AndroidManifest.xml:43:13-69
123
124        <activity
124-->[com.google.firebase:firebase-auth:17.0.0] AndroidManifest.xml:24:9-31:50
125            android:name="com.google.firebase.auth.internal.FederatedSignInActivity"
125-->[com.google.firebase:firebase-auth:17.0.0] AndroidManifest.xml:25:13-85
126            android:excludeFromRecents="true"
126-->[com.google.firebase:firebase-auth:17.0.0] AndroidManifest.xml:26:13-46
127            android:exported="true"
127-->[com.google.firebase:firebase-auth:17.0.0] AndroidManifest.xml:27:13-36
128            android:launchMode="singleTask"
128-->[com.google.firebase:firebase-auth:17.0.0] AndroidManifest.xml:28:13-44
129            android:permission="com.google.firebase.auth.api.gms.permission.LAUNCH_FEDERATED_SIGN_IN"
129-->[com.google.firebase:firebase-auth:17.0.0] AndroidManifest.xml:29:13-102
130            android:theme="@android:style/Theme.Translucent.NoTitleBar" />
130-->[com.google.firebase:firebase-auth:17.0.0] AndroidManifest.xml:30:13-72
131
132        <provider
132-->[com.google.firebase:firebase-common:19.3.0] AndroidManifest.xml:26:9-30:39
133            android:name="com.google.firebase.provider.FirebaseInitProvider"
133-->[com.google.firebase:firebase-common:19.3.0] AndroidManifest.xml:27:13-77
134            android:authorities="com.example.agomin_firebase.firebaseinitprovider"
134-->[com.google.firebase:firebase-common:19.3.0] AndroidManifest.xml:28:13-72
135            android:exported="false"
135-->[com.google.firebase:firebase-common:19.3.0] AndroidManifest.xml:29:13-37
136            android:initOrder="100" />
136-->[com.google.firebase:firebase-common:19.3.0] AndroidManifest.xml:30:13-36
137
138        <activity
138-->[com.google.android.gms:play-services-base:17.0.0] AndroidManifest.xml:23:9-26:75
139            android:name="com.google.android.gms.common.api.GoogleApiActivity"
139-->[com.google.android.gms:play-services-base:17.0.0] AndroidManifest.xml:24:13-79
140            android:exported="false"
140-->[com.google.android.gms:play-services-base:17.0.0] AndroidManifest.xml:25:13-37
141            android:theme="@android:style/Theme.Translucent.NoTitleBar" />
141-->[com.google.android.gms:play-services-base:17.0.0] AndroidManifest.xml:26:13-72
142
143        <meta-data
143-->[com.google.android.gms:play-services-basement:17.0.0] AndroidManifest.xml:23:9-25:69
144            android:name="com.google.android.gms.version"
144-->[com.google.android.gms:play-services-basement:17.0.0] AndroidManifest.xml:24:13-58
145            android:value="@integer/google_play_services_version" />
145-->[com.google.android.gms:play-services-basement:17.0.0] AndroidManifest.xml:25:13-66
146    </application>
147
148</manifest>